{"/Users/apple/Desktop/梅西/beforeschool/sparrow-ui/components/_utils/common.ts": {"path":"/Users/apple/Desktop/梅西/beforeschool/sparrow-ui/components/_utils/common.ts","statementMap":{"0":{"start":{"line":2,"column":63},"end":{"line":16,"column":1}},"1":{"start":{"line":3,"column":29},"end":{"line":3,"column":40}},"2":{"start":{"line":4,"column":2},"end":{"line":12,"column":3}},"3":{"start":{"line":4,"column":27},"end":{"line":4,"column":31}},"4":{"start":{"line":5,"column":4},"end":{"line":11,"column":5}},"5":{"start":{"line":6,"column":6},"end":{"line":9,"column":7}},"6":{"start":{"line":7,"column":8},"end":{"line":7,"column":23}},"7":{"start":{"line":8,"column":8},"end":{"line":8,"column":13}},"8":{"start":{"line":10,"column":6},"end":{"line":10,"column":22}},"9":{"start":{"line":13,"column":2},"end":{"line":15,"column":3}},"10":{"start":{"line":14,"column":4},"end":{"line":14,"column":15}},"11":{"start":{"line":19,"column":29},"end":{"line":33,"column":1}},"12":{"start":{"line":20,"column":2},"end":{"line":32,"column":3}},"13":{"start":{"line":35,"column":57},"end":{"line":41,"column":1}},"14":{"start":{"line":36,"column":10},"end":{"line":39,"column":10}},"15":{"start":{"line":37,"column":4},"end":{"line":37,"column":14}},"16":{"start":{"line":38,"column":4},"end":{"line":38,"column":19}},"17":{"start":{"line":40,"column":2},"end":{"line":40,"column":10}},"18":{"start":{"line":43,"column":24},"end":{"line":43,"column":94}},"19":{"start":{"line":43,"column":37},"end":{"line":43,"column":94}}},"fnMap":{"0":{"name":"(anonymous_0)","decl":{"start":{"line":2,"column":63},"end":{"line":2,"column":64}},"loc":{"start":{"line":2,"column":73},"end":{"line":16,"column":1}},"line":2},"1":{"name":"(anonymous_1)","decl":{"start":{"line":4,"column":21},"end":{"line":4,"column":22}},"loc":{"start":{"line":4,"column":27},"end":{"line":4,"column":31}},"line":4},"2":{"name":"(anonymous_2)","decl":{"start":{"line":19,"column":29},"end":{"line":19,"column":30}},"loc":{"start":{"line":19,"column":40},"end":{"line":33,"column":1}},"line":19},"3":{"name":"(anonymous_3)","decl":{"start":{"line":35,"column":57},"end":{"line":35,"column":58}},"loc":{"start":{"line":35,"column":76},"end":{"line":41,"column":1}},"line":35},"4":{"name":"(anonymous_4)","decl":{"start":{"line":36,"column":21},"end":{"line":36,"column":22}},"loc":{"start":{"line":36,"column":33},"end":{"line":39,"column":3}},"line":36},"5":{"name":"(anonymous_5)","decl":{"start":{"line":43,"column":24},"end":{"line":43,"column":25}},"loc":{"start":{"line":43,"column":37},"end":{"line":43,"column":94}},"line":43}},"branchMap":{"0":{"loc":{"start":{"line":4,"column":16},"end":{"line":4,"column":31}},"type":"default-arg","locations":[{"start":{"line":4,"column":21},"end":{"line":4,"column":31}}],"line":4},"1":{"loc":{"start":{"line":5,"column":4},"end":{"line":11,"column":5}},"type":"if","locations":[{"start":{"line":5,"column":4},"end":{"line":11,"column":5}},{"start":{"line":5,"column":4},"end":{"line":11,"column":5}}],"line":5},"2":{"loc":{"start":{"line":6,"column":6},"end":{"line":9,"column":7}},"type":"if","locations":[{"start":{"line":6,"column":6},"end":{"line":9,"column":7}},{"start":{"line":6,"column":6},"end":{"line":9,"column":7}}],"line":6},"3":{"loc":{"start":{"line":13,"column":2},"end":{"line":15,"column":3}},"type":"if","locations":[{"start":{"line":13,"column":2},"end":{"line":15,"column":3}},{"start":{"line":13,"column":2},"end":{"line":15,"column":3}}],"line":13},"4":{"loc":{"start":{"line":21,"column":4},"end":{"line":31,"column":19}},"type":"binary-expr","locations":[{"start":{"line":21,"column":4},"end":{"line":21,"column":15}},{"start":{"line":22,"column":5},"end":{"line":31,"column":18}}],"line":21},"5":{"loc":{"start":{"line":23,"column":6},"end":{"line":31,"column":18}},"type":"cond-expr","locations":[{"start":{"line":24,"column":10},"end":{"line":24,"column":20}},{"start":{"line":25,"column":10},"end":{"line":31,"column":18}}],"line":23},"6":{"loc":{"start":{"line":25,"column":10},"end":{"line":31,"column":18}},"type":"cond-expr","locations":[{"start":{"line":26,"column":12},"end":{"line":26,"column":16}},{"start":{"line":27,"column":12},"end":{"line":31,"column":18}}],"line":25},"7":{"loc":{"start":{"line":27,"column":12},"end":{"line":31,"column":18}},"type":"cond-expr","locations":[{"start":{"line":28,"column":14},"end":{"line":28,"column":20}},{"start":{"line":29,"column":14},"end":{"line":31,"column":18}}],"line":27},"8":{"loc":{"start":{"line":29,"column":14},"end":{"line":31,"column":18}},"type":"cond-expr","locations":[{"start":{"line":30,"column":16},"end":{"line":30,"column":22}},{"start":{"line":31,"column":16},"end":{"line":31,"column":18}}],"line":29},"9":{"loc":{"start":{"line":35,"column":62},"end":{"line":35,"column":71}},"type":"default-arg","locations":[{"start":{"line":35,"column":69},"end":{"line":35,"column":71}}],"line":35}},"s":{"0":1,"1":21,"2":21,"3":0,"4":42,"5":16,"6":0,"7":0,"8":16,"9":21,"10":5,"11":1,"12":0,"13":1,"14":0,"15":0,"16":0,"17":0,"18":1,"19":0},"f":{"0":21,"1":0,"2":0,"3":0,"4":0,"5":0},"b":{"0":[0],"1":[16,26],"2":[0,16],"3":[5,16],"4":[0,0],"5":[0,0],"6":[0,0],"7":[0,0],"8":[0,0],"9":[0]},"_coverageSchema":"1a1c01bbd47fc00a2c39e90264f33305004495a9","hash":"4cf9044dacbc2c328b83852c63f94dcb0e00e4ba"}
,"/Users/apple/Desktop/梅西/beforeschool/sparrow-ui/components/_utils/dom.ts": {"path":"/Users/apple/Desktop/梅西/beforeschool/sparrow-ui/components/_utils/dom.ts","statementMap":{"0":{"start":{"line":13,"column":38},"end":{"line":13,"column":83}},"1":{"start":{"line":13,"column":54},"end":{"line":13,"column":83}},"2":{"start":{"line":15,"column":24},"end":{"line":15,"column":101}},"3":{"start":{"line":15,"column":73},"end":{"line":15,"column":101}},"4":{"start":{"line":20,"column":24},"end":{"line":27,"column":1}},"5":{"start":{"line":21,"column":4},"end":{"line":26,"column":5}},"6":{"start":{"line":22,"column":8},"end":{"line":25,"column":9}},"7":{"start":{"line":24,"column":12},"end":{"line":24,"column":62}},"8":{"start":{"line":29,"column":24},"end":{"line":37,"column":1}},"9":{"start":{"line":30,"column":35},"end":{"line":30,"column":52}},"10":{"start":{"line":31,"column":21},"end":{"line":35,"column":10}},"11":{"start":{"line":32,"column":84},"end":{"line":32,"column":106}},"12":{"start":{"line":33,"column":8},"end":{"line":33,"column":45}},"13":{"start":{"line":34,"column":8},"end":{"line":34,"column":18}},"14":{"start":{"line":36,"column":4},"end":{"line":36,"column":13}},"15":{"start":{"line":39,"column":24},"end":{"line":102,"column":1}},"16":{"start":{"line":40,"column":61},"end":{"line":40,"column":65}},"17":{"start":{"line":41,"column":29},"end":{"line":50,"column":7}},"18":{"start":{"line":44,"column":12},"end":{"line":44,"column":32}},"19":{"start":{"line":47,"column":12},"end":{"line":47,"column":34}},"20":{"start":{"line":48,"column":12},"end":{"line":48,"column":24}},"21":{"start":{"line":51,"column":4},"end":{"line":51,"column":19}},"22":{"start":{"line":51,"column":13},"end":{"line":51,"column":19}},"23":{"start":{"line":53,"column":23},"end":{"line":73,"column":5}},"24":{"start":{"line":54,"column":8},"end":{"line":72,"column":9}},"25":{"start":{"line":55,"column":12},"end":{"line":71,"column":14}},"26":{"start":{"line":56,"column":16},"end":{"line":70,"column":18}},"27":{"start":{"line":61,"column":28},"end":{"line":61,"column":60}},"28":{"start":{"line":67,"column":24},"end":{"line":67,"column":54}},"29":{"start":{"line":68,"column":24},"end":{"line":68,"column":42}},"30":{"start":{"line":74,"column":20},"end":{"line":95,"column":12}},"31":{"start":{"line":74,"column":38},"end":{"line":95,"column":12}},"32":{"start":{"line":76,"column":28},"end":{"line":76,"column":32}},"33":{"start":{"line":78,"column":16},"end":{"line":78,"column":23}},"34":{"start":{"line":79,"column":16},"end":{"line":79,"column":77}},"35":{"start":{"line":80,"column":16},"end":{"line":80,"column":35}},"36":{"start":{"line":81,"column":16},"end":{"line":81,"column":29}},"37":{"start":{"line":82,"column":16},"end":{"line":82,"column":61}},"38":{"start":{"line":85,"column":16},"end":{"line":85,"column":68}},"39":{"start":{"line":86,"column":16},"end":{"line":86,"column":40}},"40":{"start":{"line":89,"column":16},"end":{"line":89,"column":71}},"41":{"start":{"line":92,"column":16},"end":{"line":92,"column":84}},"42":{"start":{"line":96,"column":34},"end":{"line":96,"column":54}},"43":{"start":{"line":97,"column":4},"end":{"line":97,"column":82}},"44":{"start":{"line":98,"column":4},"end":{"line":98,"column":61}},"45":{"start":{"line":99,"column":4},"end":{"line":99,"column":56}},"46":{"start":{"line":100,"column":5},"end":{"line":100,"column":61}},"47":{"start":{"line":101,"column":4},"end":{"line":101,"column":15}},"48":{"start":{"line":104,"column":49},"end":{"line":106,"column":1}},"49":{"start":{"line":105,"column":4},"end":{"line":105,"column":26}},"50":{"start":{"line":109,"column":120},"end":{"line":109,"column":185}},"51":{"start":{"line":109,"column":147},"end":{"line":109,"column":183}}},"fnMap":{"0":{"name":"(anonymous_0)","decl":{"start":{"line":13,"column":38},"end":{"line":13,"column":39}},"loc":{"start":{"line":13,"column":54},"end":{"line":13,"column":83}},"line":13},"1":{"name":"(anonymous_1)","decl":{"start":{"line":15,"column":24},"end":{"line":15,"column":25}},"loc":{"start":{"line":15,"column":73},"end":{"line":15,"column":101}},"line":15},"2":{"name":"(anonymous_2)","decl":{"start":{"line":20,"column":24},"end":{"line":20,"column":25}},"loc":{"start":{"line":20,"column":88},"end":{"line":27,"column":1}},"line":20},"3":{"name":"(anonymous_3)","decl":{"start":{"line":29,"column":24},"end":{"line":29,"column":25}},"loc":{"start":{"line":29,"column":57},"end":{"line":37,"column":1}},"line":29},"4":{"name":"(anonymous_4)","decl":{"start":{"line":31,"column":68},"end":{"line":31,"column":69}},"loc":{"start":{"line":31,"column":87},"end":{"line":35,"column":5}},"line":31},"5":{"name":"(anonymous_5)","decl":{"start":{"line":39,"column":24},"end":{"line":39,"column":25}},"loc":{"start":{"line":39,"column":90},"end":{"line":102,"column":1}},"line":39},"6":{"name":"(anonymous_6)","decl":{"start":{"line":42,"column":39},"end":{"line":42,"column":40}},"loc":{"start":{"line":42,"column":45},"end":{"line":45,"column":9}},"line":42},"7":{"name":"(anonymous_7)","decl":{"start":{"line":46,"column":40},"end":{"line":46,"column":41}},"loc":{"start":{"line":46,"column":55},"end":{"line":49,"column":9}},"line":46},"8":{"name":"(anonymous_8)","decl":{"start":{"line":53,"column":23},"end":{"line":53,"column":24}},"loc":{"start":{"line":53,"column":103},"end":{"line":73,"column":5}},"line":53},"9":{"name":"(anonymous_9)","decl":{"start":{"line":55,"column":39},"end":{"line":55,"column":40}},"loc":{"start":{"line":55,"column":57},"end":{"line":71,"column":13}},"line":55},"10":{"name":"(anonymous_10)","decl":{"start":{"line":59,"column":20},"end":{"line":59,"column":21}},"loc":{"start":{"line":59,"column":26},"end":{"line":64,"column":21}},"line":59},"11":{"name":"(anonymous_11)","decl":{"start":{"line":65,"column":20},"end":{"line":65,"column":21}},"loc":{"start":{"line":65,"column":29},"end":{"line":69,"column":21}},"line":65},"12":{"name":"(anonymous_12)","decl":{"start":{"line":74,"column":20},"end":{"line":74,"column":21}},"loc":{"start":{"line":74,"column":38},"end":{"line":95,"column":12}},"line":74},"13":{"name":"(anonymous_13)","decl":{"start":{"line":77,"column":12},"end":{"line":77,"column":13}},"loc":{"start":{"line":77,"column":26},"end":{"line":83,"column":13}},"line":77},"14":{"name":"(anonymous_14)","decl":{"start":{"line":84,"column":12},"end":{"line":84,"column":13}},"loc":{"start":{"line":84,"column":32},"end":{"line":87,"column":13}},"line":84},"15":{"name":"(anonymous_15)","decl":{"start":{"line":85,"column":57},"end":{"line":85,"column":58}},"loc":{"start":{"line":85,"column":63},"end":{"line":85,"column":66}},"line":85},"16":{"name":"(anonymous_16)","decl":{"start":{"line":88,"column":12},"end":{"line":88,"column":13}},"loc":{"start":{"line":88,"column":35},"end":{"line":90,"column":13}},"line":88},"17":{"name":"(anonymous_17)","decl":{"start":{"line":89,"column":61},"end":{"line":89,"column":62}},"loc":{"start":{"line":89,"column":67},"end":{"line":89,"column":70}},"line":89},"18":{"name":"(anonymous_18)","decl":{"start":{"line":91,"column":12},"end":{"line":91,"column":13}},"loc":{"start":{"line":91,"column":87},"end":{"line":93,"column":13}},"line":91},"19":{"name":"(anonymous_19)","decl":{"start":{"line":104,"column":49},"end":{"line":104,"column":50}},"loc":{"start":{"line":104,"column":56},"end":{"line":106,"column":1}},"line":104},"20":{"name":"(anonymous_20)","decl":{"start":{"line":109,"column":120},"end":{"line":109,"column":121}},"loc":{"start":{"line":109,"column":145},"end":{"line":109,"column":185}},"line":109}},"branchMap":{"0":{"loc":{"start":{"line":15,"column":38},"end":{"line":15,"column":68}},"type":"default-arg","locations":[{"start":{"line":15,"column":53},"end":{"line":15,"column":68}}],"line":15},"1":{"loc":{"start":{"line":22,"column":8},"end":{"line":25,"column":9}},"type":"if","locations":[{"start":{"line":22,"column":8},"end":{"line":25,"column":9}},{"start":{"line":22,"column":8},"end":{"line":25,"column":9}}],"line":22},"2":{"loc":{"start":{"line":22,"column":12},"end":{"line":22,"column":97}},"type":"binary-expr","locations":[{"start":{"line":22,"column":12},"end":{"line":22,"column":70}},{"start":{"line":22,"column":74},"end":{"line":22,"column":97}}],"line":22},"3":{"loc":{"start":{"line":51,"column":4},"end":{"line":51,"column":19}},"type":"if","locations":[{"start":{"line":51,"column":4},"end":{"line":51,"column":19}},{"start":{"line":51,"column":4},"end":{"line":51,"column":19}}],"line":51},"4":{"loc":{"start":{"line":54,"column":8},"end":{"line":72,"column":9}},"type":"if","locations":[{"start":{"line":54,"column":8},"end":{"line":72,"column":9}},{"start":{"line":54,"column":8},"end":{"line":72,"column":9}}],"line":54},"5":{"loc":{"start":{"line":79,"column":16},"end":{"line":79,"column":77}},"type":"cond-expr","locations":[{"start":{"line":79,"column":31},"end":{"line":79,"column":72}},{"start":{"line":79,"column":75},"end":{"line":79,"column":77}}],"line":79},"6":{"loc":{"start":{"line":85,"column":16},"end":{"line":85,"column":67}},"type":"binary-expr","locations":[{"start":{"line":85,"column":16},"end":{"line":85,"column":52}},{"start":{"line":85,"column":57},"end":{"line":85,"column":66}}],"line":85},"7":{"loc":{"start":{"line":89,"column":16},"end":{"line":89,"column":71}},"type":"binary-expr","locations":[{"start":{"line":89,"column":16},"end":{"line":89,"column":56}},{"start":{"line":89,"column":61},"end":{"line":89,"column":70}}],"line":89},"8":{"loc":{"start":{"line":97,"column":4},"end":{"line":97,"column":82}},"type":"binary-expr","locations":[{"start":{"line":97,"column":4},"end":{"line":97,"column":40}},{"start":{"line":97,"column":44},"end":{"line":97,"column":82}}],"line":97},"9":{"loc":{"start":{"line":98,"column":30},"end":{"line":98,"column":61}},"type":"binary-expr","locations":[{"start":{"line":98,"column":30},"end":{"line":98,"column":55}},{"start":{"line":98,"column":59},"end":{"line":98,"column":61}}],"line":98},"10":{"loc":{"start":{"line":100,"column":45},"end":{"line":100,"column":60}},"type":"binary-expr","locations":[{"start":{"line":100,"column":45},"end":{"line":100,"column":52}},{"start":{"line":100,"column":56},"end":{"line":100,"column":60}}],"line":100}},"s":{"0":1,"1":0,"2":1,"3":2,"4":1,"5":1,"6":0,"7":0,"8":1,"9":1,"10":1,"11":1,"12":1,"13":1,"14":1,"15":1,"16":1,"17":1,"18":0,"19":0,"20":0,"21":1,"22":0,"23":1,"24":2,"25":2,"26":12,"27":5,"28":8,"29":8,"30":1,"31":1,"32":1,"33":1,"34":1,"35":1,"36":1,"37":1,"38":1,"39":1,"40":0,"41":8,"42":1,"43":1,"44":1,"45":1,"46":1,"47":1,"48":1,"49":0,"50":1,"51":0},"f":{"0":0,"1":2,"2":1,"3":1,"4":1,"5":1,"6":0,"7":0,"8":2,"9":12,"10":5,"11":8,"12":1,"13":1,"14":1,"15":0,"16":0,"17":0,"18":8,"19":0,"20":0},"b":{"0":[2],"1":[0,0],"2":[0,0],"3":[0,1],"4":[2,0],"5":[0,1],"6":[1,1],"7":[0,0],"8":[1,1],"9":[1,0],"10":[1,1]},"_coverageSchema":"1a1c01bbd47fc00a2c39e90264f33305004495a9","hash":"53dc9160ed8ee182794a671e0d5923b3be837366"}
,"/Users/apple/Desktop/梅西/beforeschool/sparrow-ui/components/_utils/type.ts": {"path":"/Users/apple/Desktop/梅西/beforeschool/sparrow-ui/components/_utils/type.ts","statementMap":{"0":{"start":{"line":2,"column":21},"end":{"line":2,"column":60}},"1":{"start":{"line":2,"column":56},"end":{"line":2,"column":60}},"2":{"start":{"line":4,"column":24},"end":{"line":4,"column":64}},"3":{"start":{"line":4,"column":60},"end":{"line":4,"column":64}}},"fnMap":{"0":{"name":"(anonymous_0)","decl":{"start":{"line":2,"column":21},"end":{"line":2,"column":22}},"loc":{"start":{"line":2,"column":56},"end":{"line":2,"column":60}},"line":2},"1":{"name":"(anonymous_1)","decl":{"start":{"line":4,"column":24},"end":{"line":4,"column":25}},"loc":{"start":{"line":4,"column":60},"end":{"line":4,"column":64}},"line":4}},"branchMap":{},"s":{"0":1,"1":4,"2":1,"3":0},"f":{"0":4,"1":0},"b":{},"_coverageSchema":"1a1c01bbd47fc00a2c39e90264f33305004495a9","hash":"543172468b5e5d10bbe826d0afdd640d2445bcd2"}
,"/Users/apple/Desktop/梅西/beforeschool/sparrow-ui/components/button/button.ts": {"path":"/Users/apple/Desktop/梅西/beforeschool/sparrow-ui/components/button/button.ts","statementMap":{"0":{"start":{"line":6,"column":27},"end":{"line":6,"column":499}},"1":{"start":{"line":7,"column":40},"end":{"line":7,"column":51}},"2":{"start":{"line":8,"column":20},"end":{"line":41,"column":1}},"3":{"start":{"line":9,"column":34},"end":{"line":9,"column":71}},"4":{"start":{"line":10,"column":4},"end":{"line":40,"column":5}},"5":{"start":{"line":11,"column":8},"end":{"line":39,"column":11}},"6":{"start":{"line":13,"column":16},"end":{"line":18,"column":17}},"7":{"start":{"line":14,"column":20},"end":{"line":17,"column":21}},"8":{"start":{"line":14,"column":33},"end":{"line":14,"column":34}},"9":{"start":{"line":15,"column":40},"end":{"line":15,"column":66}},"10":{"start":{"line":16,"column":24},"end":{"line":16,"column":130}},"11":{"start":{"line":16,"column":59},"end":{"line":16,"column":128}},"12":{"start":{"line":19,"column":16},"end":{"line":21,"column":76}},"13":{"start":{"line":19,"column":41},"end":{"line":19,"column":85}},"14":{"start":{"line":20,"column":21},"end":{"line":21,"column":76}},"15":{"start":{"line":20,"column":47},"end":{"line":20,"column":94}},"16":{"start":{"line":21,"column":21},"end":{"line":21,"column":76}},"17":{"start":{"line":24,"column":16},"end":{"line":37,"column":17}},"18":{"start":{"line":25,"column":20},"end":{"line":29,"column":21}},"19":{"start":{"line":26,"column":24},"end":{"line":26,"column":64}},"20":{"start":{"line":27,"column":24},"end":{"line":27,"column":63}},"21":{"start":{"line":28,"column":24},"end":{"line":28,"column":48}},"22":{"start":{"line":31,"column":20},"end":{"line":36,"column":21}},"23":{"start":{"line":32,"column":24},"end":{"line":32,"column":59}},"24":{"start":{"line":33,"column":24},"end":{"line":33,"column":70}},"25":{"start":{"line":34,"column":24},"end":{"line":34,"column":86}},"26":{"start":{"line":35,"column":24},"end":{"line":35,"column":60}},"27":{"start":{"line":48,"column":23},"end":{"line":48,"column":27}},"28":{"start":{"line":49,"column":12},"end":{"line":49,"column":32}},"29":{"start":{"line":50,"column":12},"end":{"line":50,"column":40}},"30":{"start":{"line":54,"column":36},"end":{"line":54,"column":38}},"31":{"start":{"line":55,"column":45},"end":{"line":61,"column":13}},"32":{"start":{"line":57,"column":28},"end":{"line":57,"column":59}},"33":{"start":{"line":58,"column":20},"end":{"line":58,"column":59}},"34":{"start":{"line":59,"column":20},"end":{"line":59,"column":28}},"35":{"start":{"line":62,"column":25},"end":{"line":62,"column":51}},"36":{"start":{"line":63,"column":12},"end":{"line":63,"column":34}},"37":{"start":{"line":64,"column":51},"end":{"line":64,"column":71}},"38":{"start":{"line":65,"column":12},"end":{"line":80,"column":13}},"39":{"start":{"line":66,"column":26},"end":{"line":66,"column":43}},"40":{"start":{"line":67,"column":26},"end":{"line":67,"column":42}},"41":{"start":{"line":68,"column":16},"end":{"line":79,"column":19}},"42":{"start":{"line":70,"column":24},"end":{"line":73,"column":25}},"43":{"start":{"line":71,"column":28},"end":{"line":71,"column":61}},"44":{"start":{"line":72,"column":28},"end":{"line":72,"column":62}},"45":{"start":{"line":76,"column":24},"end":{"line":76,"column":59}},"46":{"start":{"line":77,"column":24},"end":{"line":77,"column":62}},"47":{"start":{"line":81,"column":12},"end":{"line":81,"column":44}},"48":{"start":{"line":84,"column":28},"end":{"line":84,"column":43}},"49":{"start":{"line":85,"column":16},"end":{"line":85,"column":29}},"50":{"start":{"line":86,"column":16},"end":{"line":99,"column":17}},"51":{"start":{"line":86,"column":39},"end":{"line":86,"column":50}},"52":{"start":{"line":88,"column":29},"end":{"line":88,"column":33}},"53":{"start":{"line":89,"column":20},"end":{"line":97,"column":21}},"54":{"start":{"line":89,"column":33},"end":{"line":89,"column":34}},"55":{"start":{"line":90,"column":24},"end":{"line":96,"column":25}},"56":{"start":{"line":91,"column":28},"end":{"line":91,"column":39}},"57":{"start":{"line":92,"column":28},"end":{"line":92,"column":33}},"58":{"start":{"line":94,"column":28},"end":{"line":94,"column":80}},"59":{"start":{"line":95,"column":28},"end":{"line":95,"column":33}},"60":{"start":{"line":98,"column":20},"end":{"line":98,"column":29}},"61":{"start":{"line":102,"column":12},"end":{"line":104,"column":13}},"62":{"start":{"line":103,"column":16},"end":{"line":103,"column":51}},"63":{"start":{"line":107,"column":12},"end":{"line":109,"column":14}},"64":{"start":{"line":112,"column":12},"end":{"line":112,"column":31}}},"fnMap":{"0":{"name":"(anonymous_0)","decl":{"start":{"line":8,"column":20},"end":{"line":8,"column":21}},"loc":{"start":{"line":8,"column":74},"end":{"line":41,"column":1}},"line":8},"1":{"name":"(anonymous_1)","decl":{"start":{"line":12,"column":37},"end":{"line":12,"column":38}},"loc":{"start":{"line":12,"column":43},"end":{"line":22,"column":13}},"line":12},"2":{"name":"(anonymous_2)","decl":{"start":{"line":16,"column":46},"end":{"line":16,"column":47}},"loc":{"start":{"line":16,"column":59},"end":{"line":16,"column":128}},"line":16},"3":{"name":"(anonymous_3)","decl":{"start":{"line":23,"column":31},"end":{"line":23,"column":32}},"loc":{"start":{"line":23,"column":37},"end":{"line":38,"column":13}},"line":23},"4":{"name":"(anonymous_4)","decl":{"start":{"line":47,"column":8},"end":{"line":47,"column":9}},"loc":{"start":{"line":47,"column":28},"end":{"line":105,"column":9}},"line":47},"5":{"name":"(anonymous_5)","decl":{"start":{"line":56,"column":16},"end":{"line":56,"column":17}},"loc":{"start":{"line":56,"column":61},"end":{"line":60,"column":17}},"line":56},"6":{"name":"(anonymous_6)","decl":{"start":{"line":69,"column":45},"end":{"line":69,"column":46}},"loc":{"start":{"line":69,"column":51},"end":{"line":74,"column":21}},"line":69},"7":{"name":"(anonymous_7)","decl":{"start":{"line":75,"column":39},"end":{"line":75,"column":40}},"loc":{"start":{"line":75,"column":45},"end":{"line":78,"column":21}},"line":75},"8":{"name":"adapderEmpty","decl":{"start":{"line":83,"column":21},"end":{"line":83,"column":33}},"loc":{"start":{"line":83,"column":53},"end":{"line":100,"column":13}},"line":83},"9":{"name":"(anonymous_9)","decl":{"start":{"line":106,"column":8},"end":{"line":106,"column":9}},"loc":{"start":{"line":106,"column":77},"end":{"line":110,"column":9}},"line":106},"10":{"name":"(anonymous_10)","decl":{"start":{"line":111,"column":8},"end":{"line":111,"column":9}},"loc":{"start":{"line":111,"column":31},"end":{"line":113,"column":9}},"line":111}},"branchMap":{"0":{"loc":{"start":{"line":13,"column":16},"end":{"line":18,"column":17}},"type":"if","locations":[{"start":{"line":13,"column":16},"end":{"line":18,"column":17}},{"start":{"line":13,"column":16},"end":{"line":18,"column":17}}],"line":13},"1":{"loc":{"start":{"line":16,"column":59},"end":{"line":16,"column":128}},"type":"binary-expr","locations":[{"start":{"line":16,"column":59},"end":{"line":16,"column":88}},{"start":{"line":16,"column":92},"end":{"line":16,"column":128}}],"line":16},"2":{"loc":{"start":{"line":19,"column":16},"end":{"line":21,"column":76}},"type":"if","locations":[{"start":{"line":19,"column":16},"end":{"line":21,"column":76}},{"start":{"line":19,"column":16},"end":{"line":21,"column":76}}],"line":19},"3":{"loc":{"start":{"line":20,"column":21},"end":{"line":21,"column":76}},"type":"if","locations":[{"start":{"line":20,"column":21},"end":{"line":21,"column":76}},{"start":{"line":20,"column":21},"end":{"line":21,"column":76}}],"line":20},"4":{"loc":{"start":{"line":24,"column":16},"end":{"line":37,"column":17}},"type":"if","locations":[{"start":{"line":24,"column":16},"end":{"line":37,"column":17}},{"start":{"line":24,"column":16},"end":{"line":37,"column":17}}],"line":24},"5":{"loc":{"start":{"line":24,"column":21},"end":{"line":24,"column":59}},"type":"binary-expr","locations":[{"start":{"line":24,"column":21},"end":{"line":24,"column":32}},{"start":{"line":24,"column":37},"end":{"line":24,"column":58}}],"line":24},"6":{"loc":{"start":{"line":25,"column":20},"end":{"line":29,"column":21}},"type":"if","locations":[{"start":{"line":25,"column":20},"end":{"line":29,"column":21}},{"start":{"line":25,"column":20},"end":{"line":29,"column":21}}],"line":25},"7":{"loc":{"start":{"line":31,"column":20},"end":{"line":36,"column":21}},"type":"if","locations":[{"start":{"line":31,"column":20},"end":{"line":36,"column":21}},{"start":{"line":31,"column":20},"end":{"line":36,"column":21}}],"line":31},"8":{"loc":{"start":{"line":70,"column":24},"end":{"line":73,"column":25}},"type":"if","locations":[{"start":{"line":70,"column":24},"end":{"line":73,"column":25}},{"start":{"line":70,"column":24},"end":{"line":73,"column":25}}],"line":70},"9":{"loc":{"start":{"line":76,"column":45},"end":{"line":76,"column":59}},"type":"binary-expr","locations":[{"start":{"line":76,"column":45},"end":{"line":76,"column":48}},{"start":{"line":76,"column":52},"end":{"line":76,"column":59}}],"line":76},"10":{"loc":{"start":{"line":77,"column":48},"end":{"line":77,"column":62}},"type":"binary-expr","locations":[{"start":{"line":77,"column":48},"end":{"line":77,"column":51}},{"start":{"line":77,"column":55},"end":{"line":77,"column":62}}],"line":77},"11":{"loc":{"start":{"line":86,"column":16},"end":{"line":99,"column":17}},"type":"if","locations":[{"start":{"line":86,"column":16},"end":{"line":99,"column":17}},{"start":{"line":86,"column":16},"end":{"line":99,"column":17}}],"line":86},"12":{"loc":{"start":{"line":90,"column":24},"end":{"line":96,"column":25}},"type":"if","locations":[{"start":{"line":90,"column":24},"end":{"line":96,"column":25}},{"start":{"line":90,"column":24},"end":{"line":96,"column":25}}],"line":90},"13":{"loc":{"start":{"line":94,"column":28},"end":{"line":94,"column":80}},"type":"binary-expr","locations":[{"start":{"line":94,"column":28},"end":{"line":94,"column":64}},{"start":{"line":94,"column":69},"end":{"line":94,"column":79}}],"line":94},"14":{"loc":{"start":{"line":102,"column":12},"end":{"line":104,"column":13}},"type":"if","locations":[{"start":{"line":102,"column":12},"end":{"line":104,"column":13}},{"start":{"line":102,"column":12},"end":{"line":104,"column":13}}],"line":102},"15":{"loc":{"start":{"line":102,"column":16},"end":{"line":102,"column":62}},"type":"binary-expr","locations":[{"start":{"line":102,"column":16},"end":{"line":102,"column":29}},{"start":{"line":102,"column":33},"end":{"line":102,"column":62}}],"line":102}},"s":{"0":1,"1":1,"2":1,"3":9,"4":9,"5":14,"6":9,"7":7,"8":7,"9":15,"10":15,"11":53,"12":9,"13":0,"14":9,"15":2,"16":7,"17":2,"18":1,"19":1,"20":1,"21":1,"22":1,"23":1,"24":1,"25":1,"26":1,"27":1,"28":1,"29":1,"30":1,"31":1,"32":0,"33":0,"34":0,"35":1,"36":1,"37":1,"38":1,"39":6,"40":6,"41":6,"42":4,"43":4,"44":4,"45":1,"46":1,"47":1,"48":0,"49":0,"50":0,"51":0,"52":0,"53":0,"54":0,"55":0,"56":0,"57":0,"58":0,"59":0,"60":0,"61":1,"62":0,"63":8,"64":1},"f":{"0":9,"1":9,"2":53,"3":2,"4":1,"5":0,"6":4,"7":1,"8":0,"9":8,"10":1},"b":{"0":[7,2],"1":[53,5],"2":[0,9],"3":[2,7],"4":[1,1],"5":[2,2],"6":[1,0],"7":[1,0],"8":[4,0],"9":[1,1],"10":[1,1],"11":[0,0],"12":[0,0],"13":[0,0],"14":[0,1],"15":[1,0]},"_coverageSchema":"1a1c01bbd47fc00a2c39e90264f33305004495a9","hash":"9dca060109fa54cd7a89f48a2bc641f44f204181"}
,"/Users/apple/Desktop/梅西/beforeschool/sparrow-ui/components/button/index.tsx": {"path":"/Users/apple/Desktop/梅西/beforeschool/sparrow-ui/components/button/index.tsx","statementMap":{},"fnMap":{},"branchMap":{},"s":{},"f":{},"b":{},"_coverageSchema":"1a1c01bbd47fc00a2c39e90264f33305004495a9","hash":"c7c0a8f6c4979487fe216993ac782a2c7b744b93"}
,"/Users/apple/Desktop/梅西/beforeschool/sparrow-ui/components/button/type.ts": {"path":"/Users/apple/Desktop/梅西/beforeschool/sparrow-ui/components/button/type.ts","statementMap":{"0":{"start":{"line":3,"column":20},"end":{"line":3,"column":73}},"1":{"start":{"line":6,"column":20},"end":{"line":6,"column":52}},"2":{"start":{"line":9,"column":21},"end":{"line":9,"column":56}},"3":{"start":{"line":12,"column":24},"end":{"line":12,"column":58}},"4":{"start":{"line":16,"column":20},"end":{"line":25,"column":2}},"5":{"start":{"line":16,"column":27},"end":{"line":25,"column":1}},"6":{"start":{"line":26,"column":22},"end":{"line":33,"column":5}}},"fnMap":{"0":{"name":"(anonymous_0)","decl":{"start":{"line":16,"column":20},"end":{"line":16,"column":21}},"loc":{"start":{"line":16,"column":27},"end":{"line":25,"column":1}},"line":16}},"branchMap":{"0":{"loc":{"start":{"line":22,"column":13},"end":{"line":24,"column":5}},"type":"binary-expr","locations":[{"start":{"line":22,"column":13},"end":{"line":22,"column":20}},{"start":{"line":22,"column":24},"end":{"line":24,"column":5}}],"line":22}},"s":{"0":1,"1":1,"2":1,"3":1,"4":1,"5":1,"6":1},"f":{"0":1},"b":{"0":[1,0]},"_coverageSchema":"1a1c01bbd47fc00a2c39e90264f33305004495a9","hash":"8be7f901a02458d270b9c780b9b2b58d1a2e4efb"}
,"/Users/apple/Desktop/梅西/beforeschool/sparrow-ui/components/button/style/index.ts": {"path":"/Users/apple/Desktop/梅西/beforeschool/sparrow-ui/components/button/style/index.ts","statementMap":{},"fnMap":{},"branchMap":{},"s":{},"f":{},"b":{},"_coverageSchema":"1a1c01bbd47fc00a2c39e90264f33305004495a9","hash":"2d47cef4148eb7dfc6a38bb04a2192c4e2629741"}
}
