{"/Users/apple/Desktop/梅西/beforeschool/sparrow-ui/components/_utils/common.ts": {"path":"/Users/apple/Desktop/梅西/beforeschool/sparrow-ui/components/_utils/common.ts","statementMap":{"0":{"start":{"line":2,"column":63},"end":{"line":16,"column":1}},"1":{"start":{"line":3,"column":29},"end":{"line":3,"column":40}},"2":{"start":{"line":4,"column":2},"end":{"line":12,"column":3}},"3":{"start":{"line":4,"column":27},"end":{"line":4,"column":31}},"4":{"start":{"line":5,"column":4},"end":{"line":11,"column":5}},"5":{"start":{"line":6,"column":6},"end":{"line":9,"column":7}},"6":{"start":{"line":7,"column":8},"end":{"line":7,"column":23}},"7":{"start":{"line":8,"column":8},"end":{"line":8,"column":13}},"8":{"start":{"line":10,"column":6},"end":{"line":10,"column":22}},"9":{"start":{"line":13,"column":2},"end":{"line":15,"column":3}},"10":{"start":{"line":14,"column":4},"end":{"line":14,"column":15}},"11":{"start":{"line":19,"column":29},"end":{"line":33,"column":1}},"12":{"start":{"line":20,"column":2},"end":{"line":32,"column":3}},"13":{"start":{"line":35,"column":57},"end":{"line":41,"column":1}},"14":{"start":{"line":36,"column":10},"end":{"line":39,"column":10}},"15":{"start":{"line":37,"column":4},"end":{"line":37,"column":14}},"16":{"start":{"line":38,"column":4},"end":{"line":38,"column":19}},"17":{"start":{"line":40,"column":2},"end":{"line":40,"column":10}},"18":{"start":{"line":43,"column":24},"end":{"line":43,"column":94}},"19":{"start":{"line":43,"column":37},"end":{"line":43,"column":94}}},"fnMap":{"0":{"name":"(anonymous_0)","decl":{"start":{"line":2,"column":63},"end":{"line":2,"column":64}},"loc":{"start":{"line":2,"column":73},"end":{"line":16,"column":1}},"line":2},"1":{"name":"(anonymous_1)","decl":{"start":{"line":4,"column":21},"end":{"line":4,"column":22}},"loc":{"start":{"line":4,"column":27},"end":{"line":4,"column":31}},"line":4},"2":{"name":"(anonymous_2)","decl":{"start":{"line":19,"column":29},"end":{"line":19,"column":30}},"loc":{"start":{"line":19,"column":40},"end":{"line":33,"column":1}},"line":19},"3":{"name":"(anonymous_3)","decl":{"start":{"line":35,"column":57},"end":{"line":35,"column":58}},"loc":{"start":{"line":35,"column":76},"end":{"line":41,"column":1}},"line":35},"4":{"name":"(anonymous_4)","decl":{"start":{"line":36,"column":21},"end":{"line":36,"column":22}},"loc":{"start":{"line":36,"column":33},"end":{"line":39,"column":3}},"line":36},"5":{"name":"(anonymous_5)","decl":{"start":{"line":43,"column":24},"end":{"line":43,"column":25}},"loc":{"start":{"line":43,"column":37},"end":{"line":43,"column":94}},"line":43}},"branchMap":{"0":{"loc":{"start":{"line":4,"column":16},"end":{"line":4,"column":31}},"type":"default-arg","locations":[{"start":{"line":4,"column":21},"end":{"line":4,"column":31}}],"line":4},"1":{"loc":{"start":{"line":5,"column":4},"end":{"line":11,"column":5}},"type":"if","locations":[{"start":{"line":5,"column":4},"end":{"line":11,"column":5}},{"start":{"line":5,"column":4},"end":{"line":11,"column":5}}],"line":5},"2":{"loc":{"start":{"line":6,"column":6},"end":{"line":9,"column":7}},"type":"if","locations":[{"start":{"line":6,"column":6},"end":{"line":9,"column":7}},{"start":{"line":6,"column":6},"end":{"line":9,"column":7}}],"line":6},"3":{"loc":{"start":{"line":13,"column":2},"end":{"line":15,"column":3}},"type":"if","locations":[{"start":{"line":13,"column":2},"end":{"line":15,"column":3}},{"start":{"line":13,"column":2},"end":{"line":15,"column":3}}],"line":13},"4":{"loc":{"start":{"line":21,"column":4},"end":{"line":31,"column":19}},"type":"binary-expr","locations":[{"start":{"line":21,"column":4},"end":{"line":21,"column":15}},{"start":{"line":22,"column":5},"end":{"line":31,"column":18}}],"line":21},"5":{"loc":{"start":{"line":23,"column":6},"end":{"line":31,"column":18}},"type":"cond-expr","locations":[{"start":{"line":24,"column":10},"end":{"line":24,"column":20}},{"start":{"line":25,"column":10},"end":{"line":31,"column":18}}],"line":23},"6":{"loc":{"start":{"line":25,"column":10},"end":{"line":31,"column":18}},"type":"cond-expr","locations":[{"start":{"line":26,"column":12},"end":{"line":26,"column":16}},{"start":{"line":27,"column":12},"end":{"line":31,"column":18}}],"line":25},"7":{"loc":{"start":{"line":27,"column":12},"end":{"line":31,"column":18}},"type":"cond-expr","locations":[{"start":{"line":28,"column":14},"end":{"line":28,"column":20}},{"start":{"line":29,"column":14},"end":{"line":31,"column":18}}],"line":27},"8":{"loc":{"start":{"line":29,"column":14},"end":{"line":31,"column":18}},"type":"cond-expr","locations":[{"start":{"line":30,"column":16},"end":{"line":30,"column":22}},{"start":{"line":31,"column":16},"end":{"line":31,"column":18}}],"line":29},"9":{"loc":{"start":{"line":35,"column":62},"end":{"line":35,"column":71}},"type":"default-arg","locations":[{"start":{"line":35,"column":69},"end":{"line":35,"column":71}}],"line":35}},"s":{"0":1,"1":1,"2":1,"3":0,"4":2,"5":0,"6":0,"7":0,"8":0,"9":1,"10":1,"11":1,"12":0,"13":1,"14":0,"15":0,"16":0,"17":0,"18":1,"19":0},"f":{"0":1,"1":0,"2":0,"3":0,"4":0,"5":0},"b":{"0":[0],"1":[0,2],"2":[0,0],"3":[1,0],"4":[0,0],"5":[0,0],"6":[0,0],"7":[0,0],"8":[0,0],"9":[0]},"_coverageSchema":"1a1c01bbd47fc00a2c39e90264f33305004495a9","hash":"4cf9044dacbc2c328b83852c63f94dcb0e00e4ba"}
,"/Users/apple/Desktop/梅西/beforeschool/sparrow-ui/components/_utils/dom.ts": {"path":"/Users/apple/Desktop/梅西/beforeschool/sparrow-ui/components/_utils/dom.ts","statementMap":{"0":{"start":{"line":13,"column":38},"end":{"line":13,"column":83}},"1":{"start":{"line":13,"column":54},"end":{"line":13,"column":83}},"2":{"start":{"line":15,"column":24},"end":{"line":15,"column":101}},"3":{"start":{"line":15,"column":73},"end":{"line":15,"column":101}},"4":{"start":{"line":20,"column":24},"end":{"line":27,"column":1}},"5":{"start":{"line":21,"column":4},"end":{"line":26,"column":5}},"6":{"start":{"line":22,"column":8},"end":{"line":25,"column":9}},"7":{"start":{"line":24,"column":12},"end":{"line":24,"column":62}},"8":{"start":{"line":29,"column":24},"end":{"line":37,"column":1}},"9":{"start":{"line":30,"column":35},"end":{"line":30,"column":52}},"10":{"start":{"line":31,"column":21},"end":{"line":35,"column":10}},"11":{"start":{"line":32,"column":84},"end":{"line":32,"column":106}},"12":{"start":{"line":33,"column":8},"end":{"line":33,"column":45}},"13":{"start":{"line":34,"column":8},"end":{"line":34,"column":18}},"14":{"start":{"line":36,"column":4},"end":{"line":36,"column":13}},"15":{"start":{"line":39,"column":24},"end":{"line":101,"column":1}},"16":{"start":{"line":40,"column":61},"end":{"line":40,"column":65}},"17":{"start":{"line":41,"column":29},"end":{"line":50,"column":7}},"18":{"start":{"line":44,"column":12},"end":{"line":44,"column":32}},"19":{"start":{"line":47,"column":12},"end":{"line":47,"column":34}},"20":{"start":{"line":48,"column":12},"end":{"line":48,"column":24}},"21":{"start":{"line":51,"column":4},"end":{"line":51,"column":19}},"22":{"start":{"line":51,"column":13},"end":{"line":51,"column":19}},"23":{"start":{"line":53,"column":23},"end":{"line":73,"column":5}},"24":{"start":{"line":54,"column":8},"end":{"line":72,"column":9}},"25":{"start":{"line":55,"column":12},"end":{"line":71,"column":14}},"26":{"start":{"line":56,"column":16},"end":{"line":70,"column":18}},"27":{"start":{"line":61,"column":28},"end":{"line":61,"column":60}},"28":{"start":{"line":67,"column":24},"end":{"line":67,"column":54}},"29":{"start":{"line":68,"column":24},"end":{"line":68,"column":42}},"30":{"start":{"line":74,"column":20},"end":{"line":94,"column":12}},"31":{"start":{"line":74,"column":38},"end":{"line":94,"column":12}},"32":{"start":{"line":76,"column":28},"end":{"line":76,"column":32}},"33":{"start":{"line":78,"column":16},"end":{"line":78,"column":23}},"34":{"start":{"line":79,"column":16},"end":{"line":79,"column":77}},"35":{"start":{"line":80,"column":16},"end":{"line":80,"column":35}},"36":{"start":{"line":81,"column":16},"end":{"line":81,"column":29}},"37":{"start":{"line":82,"column":16},"end":{"line":82,"column":61}},"38":{"start":{"line":85,"column":16},"end":{"line":85,"column":67}},"39":{"start":{"line":88,"column":16},"end":{"line":88,"column":71}},"40":{"start":{"line":91,"column":16},"end":{"line":91,"column":84}},"41":{"start":{"line":95,"column":34},"end":{"line":95,"column":54}},"42":{"start":{"line":96,"column":4},"end":{"line":96,"column":82}},"43":{"start":{"line":97,"column":4},"end":{"line":97,"column":61}},"44":{"start":{"line":98,"column":4},"end":{"line":98,"column":56}},"45":{"start":{"line":99,"column":5},"end":{"line":99,"column":61}},"46":{"start":{"line":100,"column":4},"end":{"line":100,"column":15}},"47":{"start":{"line":103,"column":49},"end":{"line":105,"column":1}},"48":{"start":{"line":104,"column":4},"end":{"line":104,"column":26}},"49":{"start":{"line":108,"column":120},"end":{"line":108,"column":185}},"50":{"start":{"line":108,"column":147},"end":{"line":108,"column":183}}},"fnMap":{"0":{"name":"(anonymous_0)","decl":{"start":{"line":13,"column":38},"end":{"line":13,"column":39}},"loc":{"start":{"line":13,"column":54},"end":{"line":13,"column":83}},"line":13},"1":{"name":"(anonymous_1)","decl":{"start":{"line":15,"column":24},"end":{"line":15,"column":25}},"loc":{"start":{"line":15,"column":73},"end":{"line":15,"column":101}},"line":15},"2":{"name":"(anonymous_2)","decl":{"start":{"line":20,"column":24},"end":{"line":20,"column":25}},"loc":{"start":{"line":20,"column":88},"end":{"line":27,"column":1}},"line":20},"3":{"name":"(anonymous_3)","decl":{"start":{"line":29,"column":24},"end":{"line":29,"column":25}},"loc":{"start":{"line":29,"column":57},"end":{"line":37,"column":1}},"line":29},"4":{"name":"(anonymous_4)","decl":{"start":{"line":31,"column":68},"end":{"line":31,"column":69}},"loc":{"start":{"line":31,"column":87},"end":{"line":35,"column":5}},"line":31},"5":{"name":"(anonymous_5)","decl":{"start":{"line":39,"column":24},"end":{"line":39,"column":25}},"loc":{"start":{"line":39,"column":90},"end":{"line":101,"column":1}},"line":39},"6":{"name":"(anonymous_6)","decl":{"start":{"line":42,"column":39},"end":{"line":42,"column":40}},"loc":{"start":{"line":42,"column":45},"end":{"line":45,"column":9}},"line":42},"7":{"name":"(anonymous_7)","decl":{"start":{"line":46,"column":40},"end":{"line":46,"column":41}},"loc":{"start":{"line":46,"column":55},"end":{"line":49,"column":9}},"line":46},"8":{"name":"(anonymous_8)","decl":{"start":{"line":53,"column":23},"end":{"line":53,"column":24}},"loc":{"start":{"line":53,"column":103},"end":{"line":73,"column":5}},"line":53},"9":{"name":"(anonymous_9)","decl":{"start":{"line":55,"column":39},"end":{"line":55,"column":40}},"loc":{"start":{"line":55,"column":57},"end":{"line":71,"column":13}},"line":55},"10":{"name":"(anonymous_10)","decl":{"start":{"line":59,"column":20},"end":{"line":59,"column":21}},"loc":{"start":{"line":59,"column":26},"end":{"line":64,"column":21}},"line":59},"11":{"name":"(anonymous_11)","decl":{"start":{"line":65,"column":20},"end":{"line":65,"column":21}},"loc":{"start":{"line":65,"column":29},"end":{"line":69,"column":21}},"line":65},"12":{"name":"(anonymous_12)","decl":{"start":{"line":74,"column":20},"end":{"line":74,"column":21}},"loc":{"start":{"line":74,"column":38},"end":{"line":94,"column":12}},"line":74},"13":{"name":"(anonymous_13)","decl":{"start":{"line":77,"column":12},"end":{"line":77,"column":13}},"loc":{"start":{"line":77,"column":26},"end":{"line":83,"column":13}},"line":77},"14":{"name":"(anonymous_14)","decl":{"start":{"line":84,"column":12},"end":{"line":84,"column":13}},"loc":{"start":{"line":84,"column":32},"end":{"line":86,"column":13}},"line":84},"15":{"name":"(anonymous_15)","decl":{"start":{"line":85,"column":57},"end":{"line":85,"column":58}},"loc":{"start":{"line":85,"column":63},"end":{"line":85,"column":66}},"line":85},"16":{"name":"(anonymous_16)","decl":{"start":{"line":87,"column":12},"end":{"line":87,"column":13}},"loc":{"start":{"line":87,"column":35},"end":{"line":89,"column":13}},"line":87},"17":{"name":"(anonymous_17)","decl":{"start":{"line":88,"column":61},"end":{"line":88,"column":62}},"loc":{"start":{"line":88,"column":67},"end":{"line":88,"column":70}},"line":88},"18":{"name":"(anonymous_18)","decl":{"start":{"line":90,"column":12},"end":{"line":90,"column":13}},"loc":{"start":{"line":90,"column":87},"end":{"line":92,"column":13}},"line":90},"19":{"name":"(anonymous_19)","decl":{"start":{"line":103,"column":49},"end":{"line":103,"column":50}},"loc":{"start":{"line":103,"column":56},"end":{"line":105,"column":1}},"line":103},"20":{"name":"(anonymous_20)","decl":{"start":{"line":108,"column":120},"end":{"line":108,"column":121}},"loc":{"start":{"line":108,"column":145},"end":{"line":108,"column":185}},"line":108}},"branchMap":{"0":{"loc":{"start":{"line":15,"column":38},"end":{"line":15,"column":68}},"type":"default-arg","locations":[{"start":{"line":15,"column":53},"end":{"line":15,"column":68}}],"line":15},"1":{"loc":{"start":{"line":22,"column":8},"end":{"line":25,"column":9}},"type":"if","locations":[{"start":{"line":22,"column":8},"end":{"line":25,"column":9}},{"start":{"line":22,"column":8},"end":{"line":25,"column":9}}],"line":22},"2":{"loc":{"start":{"line":22,"column":12},"end":{"line":22,"column":97}},"type":"binary-expr","locations":[{"start":{"line":22,"column":12},"end":{"line":22,"column":70}},{"start":{"line":22,"column":74},"end":{"line":22,"column":97}}],"line":22},"3":{"loc":{"start":{"line":51,"column":4},"end":{"line":51,"column":19}},"type":"if","locations":[{"start":{"line":51,"column":4},"end":{"line":51,"column":19}},{"start":{"line":51,"column":4},"end":{"line":51,"column":19}}],"line":51},"4":{"loc":{"start":{"line":54,"column":8},"end":{"line":72,"column":9}},"type":"if","locations":[{"start":{"line":54,"column":8},"end":{"line":72,"column":9}},{"start":{"line":54,"column":8},"end":{"line":72,"column":9}}],"line":54},"5":{"loc":{"start":{"line":79,"column":16},"end":{"line":79,"column":77}},"type":"cond-expr","locations":[{"start":{"line":79,"column":31},"end":{"line":79,"column":72}},{"start":{"line":79,"column":75},"end":{"line":79,"column":77}}],"line":79},"6":{"loc":{"start":{"line":85,"column":16},"end":{"line":85,"column":67}},"type":"binary-expr","locations":[{"start":{"line":85,"column":16},"end":{"line":85,"column":52}},{"start":{"line":85,"column":57},"end":{"line":85,"column":66}}],"line":85},"7":{"loc":{"start":{"line":88,"column":16},"end":{"line":88,"column":71}},"type":"binary-expr","locations":[{"start":{"line":88,"column":16},"end":{"line":88,"column":56}},{"start":{"line":88,"column":61},"end":{"line":88,"column":70}}],"line":88},"8":{"loc":{"start":{"line":96,"column":4},"end":{"line":96,"column":82}},"type":"binary-expr","locations":[{"start":{"line":96,"column":4},"end":{"line":96,"column":40}},{"start":{"line":96,"column":44},"end":{"line":96,"column":82}}],"line":96},"9":{"loc":{"start":{"line":97,"column":30},"end":{"line":97,"column":61}},"type":"binary-expr","locations":[{"start":{"line":97,"column":30},"end":{"line":97,"column":55}},{"start":{"line":97,"column":59},"end":{"line":97,"column":61}}],"line":97},"10":{"loc":{"start":{"line":99,"column":45},"end":{"line":99,"column":60}},"type":"binary-expr","locations":[{"start":{"line":99,"column":45},"end":{"line":99,"column":52}},{"start":{"line":99,"column":56},"end":{"line":99,"column":60}}],"line":99}},"s":{"0":1,"1":0,"2":1,"3":1,"4":1,"5":0,"6":0,"7":0,"8":1,"9":0,"10":0,"11":0,"12":0,"13":0,"14":0,"15":1,"16":1,"17":1,"18":0,"19":0,"20":0,"21":1,"22":0,"23":1,"24":2,"25":2,"26":12,"27":2,"28":0,"29":0,"30":1,"31":1,"32":1,"33":1,"34":1,"35":1,"36":1,"37":1,"38":0,"39":0,"40":0,"41":1,"42":1,"43":1,"44":1,"45":1,"46":1,"47":1,"48":0,"49":1,"50":0},"f":{"0":0,"1":1,"2":0,"3":0,"4":0,"5":1,"6":0,"7":0,"8":2,"9":12,"10":2,"11":0,"12":1,"13":1,"14":0,"15":0,"16":0,"17":0,"18":0,"19":0,"20":0},"b":{"0":[1],"1":[0,0],"2":[0,0],"3":[0,1],"4":[2,0],"5":[0,1],"6":[0,0],"7":[0,0],"8":[1,1],"9":[1,0],"10":[1,1]},"_coverageSchema":"1a1c01bbd47fc00a2c39e90264f33305004495a9","hash":"49d291100b2b0d50fefe280244297f5e404f5a74"}
,"/Users/apple/Desktop/梅西/beforeschool/sparrow-ui/components/_utils/type.ts": {"path":"/Users/apple/Desktop/梅西/beforeschool/sparrow-ui/components/_utils/type.ts","statementMap":{"0":{"start":{"line":2,"column":21},"end":{"line":2,"column":60}},"1":{"start":{"line":2,"column":56},"end":{"line":2,"column":60}},"2":{"start":{"line":4,"column":24},"end":{"line":4,"column":64}},"3":{"start":{"line":4,"column":60},"end":{"line":4,"column":64}}},"fnMap":{"0":{"name":"(anonymous_0)","decl":{"start":{"line":2,"column":21},"end":{"line":2,"column":22}},"loc":{"start":{"line":2,"column":56},"end":{"line":2,"column":60}},"line":2},"1":{"name":"(anonymous_1)","decl":{"start":{"line":4,"column":24},"end":{"line":4,"column":25}},"loc":{"start":{"line":4,"column":60},"end":{"line":4,"column":64}},"line":4}},"branchMap":{},"s":{"0":1,"1":4,"2":1,"3":0},"f":{"0":4,"1":0},"b":{},"_coverageSchema":"1a1c01bbd47fc00a2c39e90264f33305004495a9","hash":"543172468b5e5d10bbe826d0afdd640d2445bcd2"}
,"/Users/apple/Desktop/梅西/beforeschool/sparrow-ui/components/button/button.ts": {"path":"/Users/apple/Desktop/梅西/beforeschool/sparrow-ui/components/button/button.ts","statementMap":{"0":{"start":{"line":11,"column":27},"end":{"line":11,"column":499}},"1":{"start":{"line":12,"column":40},"end":{"line":12,"column":51}},"2":{"start":{"line":13,"column":20},"end":{"line":48,"column":1}},"3":{"start":{"line":14,"column":34},"end":{"line":14,"column":71}},"4":{"start":{"line":16,"column":4},"end":{"line":47,"column":5}},"5":{"start":{"line":17,"column":8},"end":{"line":46,"column":11}},"6":{"start":{"line":19,"column":16},"end":{"line":27,"column":17}},"7":{"start":{"line":20,"column":20},"end":{"line":23,"column":21}},"8":{"start":{"line":20,"column":33},"end":{"line":20,"column":34}},"9":{"start":{"line":21,"column":40},"end":{"line":21,"column":66}},"10":{"start":{"line":22,"column":24},"end":{"line":22,"column":130}},"11":{"start":{"line":22,"column":59},"end":{"line":22,"column":128}},"12":{"start":{"line":25,"column":20},"end":{"line":25,"column":86}},"13":{"start":{"line":26,"column":20},"end":{"line":26,"column":90}},"14":{"start":{"line":31,"column":16},"end":{"line":44,"column":17}},"15":{"start":{"line":32,"column":20},"end":{"line":36,"column":21}},"16":{"start":{"line":33,"column":24},"end":{"line":33,"column":64}},"17":{"start":{"line":34,"column":24},"end":{"line":34,"column":63}},"18":{"start":{"line":35,"column":24},"end":{"line":35,"column":48}},"19":{"start":{"line":38,"column":20},"end":{"line":43,"column":21}},"20":{"start":{"line":39,"column":24},"end":{"line":39,"column":59}},"21":{"start":{"line":40,"column":24},"end":{"line":40,"column":70}},"22":{"start":{"line":41,"column":24},"end":{"line":41,"column":86}},"23":{"start":{"line":42,"column":24},"end":{"line":42,"column":60}},"24":{"start":{"line":59,"column":23},"end":{"line":59,"column":27}},"25":{"start":{"line":60,"column":12},"end":{"line":60,"column":32}},"26":{"start":{"line":62,"column":12},"end":{"line":62,"column":40}},"27":{"start":{"line":67,"column":36},"end":{"line":67,"column":38}},"28":{"start":{"line":68,"column":45},"end":{"line":74,"column":13}},"29":{"start":{"line":70,"column":28},"end":{"line":70,"column":59}},"30":{"start":{"line":71,"column":20},"end":{"line":71,"column":59}},"31":{"start":{"line":72,"column":20},"end":{"line":72,"column":28}},"32":{"start":{"line":75,"column":25},"end":{"line":75,"column":51}},"33":{"start":{"line":76,"column":12},"end":{"line":76,"column":34}},"34":{"start":{"line":77,"column":51},"end":{"line":77,"column":71}},"35":{"start":{"line":78,"column":12},"end":{"line":110,"column":13}},"36":{"start":{"line":79,"column":26},"end":{"line":79,"column":43}},"37":{"start":{"line":80,"column":26},"end":{"line":80,"column":42}},"38":{"start":{"line":81,"column":16},"end":{"line":109,"column":19}},"39":{"start":{"line":83,"column":24},"end":{"line":103,"column":27}},"40":{"start":{"line":85,"column":32},"end":{"line":85,"column":65}},"41":{"start":{"line":86,"column":32},"end":{"line":86,"column":66}},"42":{"start":{"line":89,"column":32},"end":{"line":89,"column":65}},"43":{"start":{"line":90,"column":32},"end":{"line":90,"column":66}},"44":{"start":{"line":94,"column":32},"end":{"line":94,"column":65}},"45":{"start":{"line":95,"column":32},"end":{"line":95,"column":66}},"46":{"start":{"line":99,"column":32},"end":{"line":99,"column":65}},"47":{"start":{"line":100,"column":32},"end":{"line":100,"column":66}},"48":{"start":{"line":106,"column":24},"end":{"line":106,"column":59}},"49":{"start":{"line":107,"column":24},"end":{"line":107,"column":62}},"50":{"start":{"line":111,"column":12},"end":{"line":111,"column":44}},"51":{"start":{"line":114,"column":28},"end":{"line":114,"column":43}},"52":{"start":{"line":115,"column":16},"end":{"line":115,"column":29}},"53":{"start":{"line":116,"column":16},"end":{"line":129,"column":17}},"54":{"start":{"line":116,"column":39},"end":{"line":116,"column":50}},"55":{"start":{"line":118,"column":29},"end":{"line":118,"column":33}},"56":{"start":{"line":119,"column":20},"end":{"line":127,"column":21}},"57":{"start":{"line":119,"column":33},"end":{"line":119,"column":34}},"58":{"start":{"line":120,"column":24},"end":{"line":126,"column":25}},"59":{"start":{"line":121,"column":28},"end":{"line":121,"column":39}},"60":{"start":{"line":122,"column":28},"end":{"line":122,"column":33}},"61":{"start":{"line":124,"column":28},"end":{"line":124,"column":80}},"62":{"start":{"line":125,"column":28},"end":{"line":125,"column":33}},"63":{"start":{"line":128,"column":20},"end":{"line":128,"column":29}},"64":{"start":{"line":132,"column":12},"end":{"line":134,"column":13}},"65":{"start":{"line":133,"column":16},"end":{"line":133,"column":51}},"66":{"start":{"line":139,"column":12},"end":{"line":141,"column":14}},"67":{"start":{"line":144,"column":12},"end":{"line":144,"column":31}}},"fnMap":{"0":{"name":"(anonymous_0)","decl":{"start":{"line":13,"column":20},"end":{"line":13,"column":21}},"loc":{"start":{"line":13,"column":74},"end":{"line":48,"column":1}},"line":13},"1":{"name":"(anonymous_1)","decl":{"start":{"line":18,"column":37},"end":{"line":18,"column":38}},"loc":{"start":{"line":18,"column":43},"end":{"line":29,"column":13}},"line":18},"2":{"name":"(anonymous_2)","decl":{"start":{"line":22,"column":46},"end":{"line":22,"column":47}},"loc":{"start":{"line":22,"column":59},"end":{"line":22,"column":128}},"line":22},"3":{"name":"(anonymous_3)","decl":{"start":{"line":30,"column":31},"end":{"line":30,"column":32}},"loc":{"start":{"line":30,"column":37},"end":{"line":45,"column":13}},"line":30},"4":{"name":"(anonymous_4)","decl":{"start":{"line":58,"column":8},"end":{"line":58,"column":9}},"loc":{"start":{"line":58,"column":28},"end":{"line":136,"column":9}},"line":58},"5":{"name":"(anonymous_5)","decl":{"start":{"line":69,"column":16},"end":{"line":69,"column":17}},"loc":{"start":{"line":69,"column":61},"end":{"line":73,"column":17}},"line":69},"6":{"name":"(anonymous_6)","decl":{"start":{"line":82,"column":45},"end":{"line":82,"column":46}},"loc":{"start":{"line":82,"column":51},"end":{"line":104,"column":21}},"line":82},"7":{"name":"(anonymous_7)","decl":{"start":{"line":84,"column":65},"end":{"line":84,"column":66}},"loc":{"start":{"line":84,"column":71},"end":{"line":87,"column":29}},"line":84},"8":{"name":"(anonymous_8)","decl":{"start":{"line":88,"column":65},"end":{"line":88,"column":66}},"loc":{"start":{"line":88,"column":71},"end":{"line":92,"column":29}},"line":88},"9":{"name":"(anonymous_9)","decl":{"start":{"line":93,"column":66},"end":{"line":93,"column":67}},"loc":{"start":{"line":93,"column":72},"end":{"line":97,"column":29}},"line":93},"10":{"name":"(anonymous_10)","decl":{"start":{"line":98,"column":69},"end":{"line":98,"column":70}},"loc":{"start":{"line":98,"column":75},"end":{"line":102,"column":29}},"line":98},"11":{"name":"(anonymous_11)","decl":{"start":{"line":105,"column":39},"end":{"line":105,"column":40}},"loc":{"start":{"line":105,"column":45},"end":{"line":108,"column":21}},"line":105},"12":{"name":"adapderEmpty","decl":{"start":{"line":113,"column":21},"end":{"line":113,"column":33}},"loc":{"start":{"line":113,"column":53},"end":{"line":130,"column":13}},"line":113},"13":{"name":"(anonymous_13)","decl":{"start":{"line":138,"column":8},"end":{"line":138,"column":9}},"loc":{"start":{"line":138,"column":77},"end":{"line":142,"column":9}},"line":138},"14":{"name":"(anonymous_14)","decl":{"start":{"line":143,"column":8},"end":{"line":143,"column":9}},"loc":{"start":{"line":143,"column":31},"end":{"line":145,"column":9}},"line":143}},"branchMap":{"0":{"loc":{"start":{"line":19,"column":16},"end":{"line":27,"column":17}},"type":"if","locations":[{"start":{"line":19,"column":16},"end":{"line":27,"column":17}},{"start":{"line":19,"column":16},"end":{"line":27,"column":17}}],"line":19},"1":{"loc":{"start":{"line":22,"column":59},"end":{"line":22,"column":128}},"type":"binary-expr","locations":[{"start":{"line":22,"column":59},"end":{"line":22,"column":88}},{"start":{"line":22,"column":92},"end":{"line":22,"column":128}}],"line":22},"2":{"loc":{"start":{"line":25,"column":20},"end":{"line":25,"column":86}},"type":"binary-expr","locations":[{"start":{"line":25,"column":20},"end":{"line":25,"column":40}},{"start":{"line":25,"column":44},"end":{"line":25,"column":86}}],"line":25},"3":{"loc":{"start":{"line":26,"column":20},"end":{"line":26,"column":90}},"type":"binary-expr","locations":[{"start":{"line":26,"column":20},"end":{"line":26,"column":41}},{"start":{"line":26,"column":45},"end":{"line":26,"column":90}}],"line":26},"4":{"loc":{"start":{"line":31,"column":16},"end":{"line":44,"column":17}},"type":"if","locations":[{"start":{"line":31,"column":16},"end":{"line":44,"column":17}},{"start":{"line":31,"column":16},"end":{"line":44,"column":17}}],"line":31},"5":{"loc":{"start":{"line":31,"column":21},"end":{"line":31,"column":59}},"type":"binary-expr","locations":[{"start":{"line":31,"column":21},"end":{"line":31,"column":32}},{"start":{"line":31,"column":37},"end":{"line":31,"column":58}}],"line":31},"6":{"loc":{"start":{"line":32,"column":20},"end":{"line":36,"column":21}},"type":"if","locations":[{"start":{"line":32,"column":20},"end":{"line":36,"column":21}},{"start":{"line":32,"column":20},"end":{"line":36,"column":21}}],"line":32},"7":{"loc":{"start":{"line":38,"column":20},"end":{"line":43,"column":21}},"type":"if","locations":[{"start":{"line":38,"column":20},"end":{"line":43,"column":21}},{"start":{"line":38,"column":20},"end":{"line":43,"column":21}}],"line":38},"8":{"loc":{"start":{"line":84,"column":29},"end":{"line":84,"column":63}},"type":"binary-expr","locations":[{"start":{"line":84,"column":29},"end":{"line":84,"column":41}},{"start":{"line":84,"column":45},"end":{"line":84,"column":63}}],"line":84},"9":{"loc":{"start":{"line":88,"column":29},"end":{"line":88,"column":63}},"type":"binary-expr","locations":[{"start":{"line":88,"column":29},"end":{"line":88,"column":41}},{"start":{"line":88,"column":45},"end":{"line":88,"column":63}}],"line":88},"10":{"loc":{"start":{"line":93,"column":29},"end":{"line":93,"column":64}},"type":"binary-expr","locations":[{"start":{"line":93,"column":29},"end":{"line":93,"column":42}},{"start":{"line":93,"column":46},"end":{"line":93,"column":64}}],"line":93},"11":{"loc":{"start":{"line":98,"column":29},"end":{"line":98,"column":67}},"type":"binary-expr","locations":[{"start":{"line":98,"column":29},"end":{"line":98,"column":45}},{"start":{"line":98,"column":49},"end":{"line":98,"column":67}}],"line":98},"12":{"loc":{"start":{"line":106,"column":45},"end":{"line":106,"column":59}},"type":"binary-expr","locations":[{"start":{"line":106,"column":45},"end":{"line":106,"column":48}},{"start":{"line":106,"column":52},"end":{"line":106,"column":59}}],"line":106},"13":{"loc":{"start":{"line":107,"column":48},"end":{"line":107,"column":62}},"type":"binary-expr","locations":[{"start":{"line":107,"column":48},"end":{"line":107,"column":51}},{"start":{"line":107,"column":55},"end":{"line":107,"column":62}}],"line":107},"14":{"loc":{"start":{"line":116,"column":16},"end":{"line":129,"column":17}},"type":"if","locations":[{"start":{"line":116,"column":16},"end":{"line":129,"column":17}},{"start":{"line":116,"column":16},"end":{"line":129,"column":17}}],"line":116},"15":{"loc":{"start":{"line":120,"column":24},"end":{"line":126,"column":25}},"type":"if","locations":[{"start":{"line":120,"column":24},"end":{"line":126,"column":25}},{"start":{"line":120,"column":24},"end":{"line":126,"column":25}}],"line":120},"16":{"loc":{"start":{"line":124,"column":28},"end":{"line":124,"column":80}},"type":"binary-expr","locations":[{"start":{"line":124,"column":28},"end":{"line":124,"column":64}},{"start":{"line":124,"column":69},"end":{"line":124,"column":79}}],"line":124},"17":{"loc":{"start":{"line":132,"column":12},"end":{"line":134,"column":13}},"type":"if","locations":[{"start":{"line":132,"column":12},"end":{"line":134,"column":13}},{"start":{"line":132,"column":12},"end":{"line":134,"column":13}}],"line":132},"18":{"loc":{"start":{"line":132,"column":16},"end":{"line":132,"column":62}},"type":"binary-expr","locations":[{"start":{"line":132,"column":16},"end":{"line":132,"column":29}},{"start":{"line":132,"column":33},"end":{"line":132,"column":62}}],"line":132}},"s":{"0":1,"1":1,"2":1,"3":0,"4":0,"5":0,"6":0,"7":0,"8":0,"9":0,"10":0,"11":0,"12":0,"13":0,"14":0,"15":0,"16":0,"17":0,"18":0,"19":0,"20":0,"21":0,"22":0,"23":0,"24":0,"25":0,"26":0,"27":0,"28":0,"29":0,"30":0,"31":0,"32":0,"33":0,"34":0,"35":0,"36":0,"37":0,"38":0,"39":0,"40":0,"41":0,"42":0,"43":0,"44":0,"45":0,"46":0,"47":0,"48":0,"49":0,"50":0,"51":0,"52":0,"53":0,"54":0,"55":0,"56":0,"57":0,"58":0,"59":0,"60":0,"61":0,"62":0,"63":0,"64":0,"65":0,"66":0,"67":1},"f":{"0":0,"1":0,"2":0,"3":0,"4":0,"5":0,"6":0,"7":0,"8":0,"9":0,"10":0,"11":0,"12":0,"13":0,"14":1},"b":{"0":[0,0],"1":[0,0],"2":[0,0],"3":[0,0],"4":[0,0],"5":[0,0],"6":[0,0],"7":[0,0],"8":[0,0],"9":[0,0],"10":[0,0],"11":[0,0],"12":[0,0],"13":[0,0],"14":[0,0],"15":[0,0],"16":[0,0],"17":[0,0],"18":[0,0]},"_coverageSchema":"1a1c01bbd47fc00a2c39e90264f33305004495a9","hash":"da1b66a67eff70863736ee23353ce4b47c3d27cc"}
,"/Users/apple/Desktop/梅西/beforeschool/sparrow-ui/components/button/index.tsx": {"path":"/Users/apple/Desktop/梅西/beforeschool/sparrow-ui/components/button/index.tsx","statementMap":{},"fnMap":{},"branchMap":{},"s":{},"f":{},"b":{},"_coverageSchema":"1a1c01bbd47fc00a2c39e90264f33305004495a9","hash":"c7c0a8f6c4979487fe216993ac782a2c7b744b93"}
,"/Users/apple/Desktop/梅西/beforeschool/sparrow-ui/components/button/type.ts": {"path":"/Users/apple/Desktop/梅西/beforeschool/sparrow-ui/components/button/type.ts","statementMap":{"0":{"start":{"line":3,"column":20},"end":{"line":3,"column":73}},"1":{"start":{"line":6,"column":20},"end":{"line":6,"column":52}},"2":{"start":{"line":9,"column":21},"end":{"line":9,"column":56}},"3":{"start":{"line":12,"column":24},"end":{"line":12,"column":58}},"4":{"start":{"line":16,"column":20},"end":{"line":25,"column":2}},"5":{"start":{"line":16,"column":27},"end":{"line":25,"column":1}},"6":{"start":{"line":26,"column":22},"end":{"line":33,"column":5}}},"fnMap":{"0":{"name":"(anonymous_0)","decl":{"start":{"line":16,"column":20},"end":{"line":16,"column":21}},"loc":{"start":{"line":16,"column":27},"end":{"line":25,"column":1}},"line":16}},"branchMap":{"0":{"loc":{"start":{"line":22,"column":13},"end":{"line":24,"column":5}},"type":"binary-expr","locations":[{"start":{"line":22,"column":13},"end":{"line":22,"column":20}},{"start":{"line":22,"column":24},"end":{"line":24,"column":5}}],"line":22}},"s":{"0":1,"1":1,"2":1,"3":1,"4":1,"5":1,"6":1},"f":{"0":1},"b":{"0":[1,0]},"_coverageSchema":"1a1c01bbd47fc00a2c39e90264f33305004495a9","hash":"8be7f901a02458d270b9c780b9b2b58d1a2e4efb"}
,"/Users/apple/Desktop/梅西/beforeschool/sparrow-ui/components/button/style/index.ts": {"path":"/Users/apple/Desktop/梅西/beforeschool/sparrow-ui/components/button/style/index.ts","statementMap":{},"fnMap":{},"branchMap":{},"s":{},"f":{},"b":{},"_coverageSchema":"1a1c01bbd47fc00a2c39e90264f33305004495a9","hash":"2d47cef4148eb7dfc6a38bb04a2192c4e2629741"}
}
