TN:
SF:components/_utils/Base.ts
FN:2,(anonymous_0)
FNF:1
FNH:1
FNDA:1,(anonymous_0)
DA:3,1
DA:4,1
DA:10,1
LF:3
LH:3
BRDA:2,0,0,1
BRDA:7,1,0,1
BRDA:7,1,1,1
BRDA:8,2,0,0
BRDA:8,2,1,1
BRF:5
BRH:4
end_of_record
TN:
SF:components/_utils/common.ts
FN:2,(anonymous_0)
FN:4,(anonymous_1)
FN:19,(anonymous_2)
FN:35,(anonymous_3)
FN:36,(anonymous_4)
FN:43,(anonymous_5)
FN:45,(anonymous_6)
FNF:7
FNH:3
FNDA:11,(anonymous_0)
FNDA:0,(anonymous_1)
FNDA:0,(anonymous_2)
FNDA:3,(anonymous_3)
FNDA:0,(anonymous_4)
FNDA:0,(anonymous_5)
FNDA:3,(anonymous_6)
DA:2,3
DA:3,11
DA:4,11
DA:5,61
DA:6,9
DA:7,0
DA:8,0
DA:10,9
DA:13,11
DA:14,4
DA:19,3
DA:20,0
DA:35,3
DA:36,3
DA:37,0
DA:38,0
DA:40,3
DA:43,3
DA:45,3
LF:19
LH:14
BRDA:4,0,0,0
BRDA:5,1,0,9
BRDA:5,1,1,52
BRDA:6,2,0,0
BRDA:6,2,1,9
BRDA:13,3,0,4
BRDA:13,3,1,7
BRDA:21,4,0,0
BRDA:21,4,1,0
BRDA:23,5,0,0
BRDA:23,5,1,0
BRDA:25,6,0,0
BRDA:25,6,1,0
BRDA:27,7,0,0
BRDA:27,7,1,0
BRDA:29,8,0,0
BRDA:29,8,1,0
BRDA:35,9,0,3
BRF:18
BRH:6
end_of_record
TN:
SF:components/_utils/dom.ts
FN:13,(anonymous_0)
FN:15,(anonymous_1)
FN:20,(anonymous_2)
FN:28,(anonymous_3)
FN:30,(anonymous_4)
FN:38,(anonymous_5)
FN:41,(anonymous_6)
FN:45,(anonymous_7)
FN:52,(anonymous_8)
FN:54,(anonymous_9)
FN:58,(anonymous_10)
FN:61,(anonymous_11)
FN:68,(anonymous_12)
FN:71,(anonymous_13)
FN:78,(anonymous_14)
FN:79,(anonymous_15)
FN:82,(anonymous_16)
FN:83,(anonymous_17)
FN:85,(anonymous_18)
FN:98,(anonymous_19)
FN:103,(anonymous_20)
FNF:21
FNH:14
FNDA:8,(anonymous_0)
FNDA:6,(anonymous_1)
FNDA:3,(anonymous_2)
FNDA:3,(anonymous_3)
FNDA:11,(anonymous_4)
FNDA:3,(anonymous_5)
FNDA:0,(anonymous_6)
FNDA:0,(anonymous_7)
FNDA:6,(anonymous_8)
FNDA:62,(anonymous_9)
FNDA:12,(anonymous_10)
FNDA:13,(anonymous_11)
FNDA:3,(anonymous_12)
FNDA:3,(anonymous_13)
FNDA:3,(anonymous_14)
FNDA:0,(anonymous_15)
FNDA:0,(anonymous_16)
FNDA:0,(anonymous_17)
FNDA:13,(anonymous_18)
FNDA:0,(anonymous_19)
FNDA:0,(anonymous_20)
DA:13,8
DA:15,6
DA:20,3
DA:21,3
DA:22,3
DA:23,0
DA:28,3
DA:29,3
DA:30,3
DA:31,11
DA:32,11
DA:33,11
DA:35,3
DA:38,3
DA:40,3
DA:43,0
DA:46,0
DA:47,0
DA:50,3
DA:52,3
DA:53,6
DA:54,6
DA:55,62
DA:59,12
DA:62,13
DA:68,3
DA:70,3
DA:72,3
DA:73,3
DA:74,3
DA:76,3
DA:79,3
DA:80,3
DA:83,0
DA:86,13
DA:90,3
DA:91,3
DA:92,3
DA:93,3
DA:94,3
DA:95,3
DA:98,3
DA:99,0
DA:103,3
LF:44
LH:38
BRDA:13,0,0,8
BRDA:15,1,0,6
BRDA:22,2,0,0
BRDA:22,2,1,3
BRDA:22,3,0,3
BRDA:22,3,1,0
BRDA:50,4,0,0
BRDA:50,4,1,3
BRDA:53,5,0,6
BRDA:53,5,1,0
BRDA:73,6,0,0
BRDA:73,6,1,3
BRDA:79,7,0,3
BRDA:79,7,1,3
BRDA:83,8,0,0
BRDA:83,8,1,0
BRDA:91,9,0,3
BRDA:91,9,1,0
BRDA:92,10,0,3
BRDA:92,10,1,0
BRDA:94,11,0,3
BRDA:94,11,1,3
BRF:22
BRH:13
end_of_record
TN:
SF:components/_utils/type.ts
FN:2,(anonymous_0)
FN:4,(anonymous_1)
FNF:2
FNH:1
FNDA:4,(anonymous_0)
FNDA:0,(anonymous_1)
DA:2,4
DA:4,1
LF:2
LH:2
BRF:0
BRH:0
end_of_record
TN:
SF:components/button/button.ts
FN:6,(anonymous_0)
FN:10,(anonymous_1)
FN:22,(anonymous_2)
FN:38,(anonymous_3)
FN:42,(anonymous_4)
FN:53,set
FN:69,(anonymous_6)
FN:109,adapderEmpty
FN:132,(anonymous_8)
FNF:9
FNH:5
FNDA:4,(anonymous_0)
FNDA:1,(anonymous_1)
FNDA:2,(anonymous_2)
FNDA:0,(anonymous_3)
FNDA:0,(anonymous_4)
FNDA:0,set
FNDA:1,(anonymous_6)
FNDA:0,adapderEmpty
FNDA:3,(anonymous_8)
DA:5,1
DA:6,1
DA:7,4
DA:8,4
DA:9,4
DA:11,1
DA:12,1
DA:17,1
DA:18,3
DA:20,1
DA:23,2
DA:24,1
DA:25,1
DA:26,1
DA:27,1
DA:30,1
DA:31,1
DA:32,1
DA:33,1
DA:34,1
DA:39,0
DA:40,0
DA:43,0
DA:44,0
DA:45,0
DA:46,0
DA:47,0
DA:49,0
DA:50,0
DA:51,0
DA:52,0
DA:54,0
DA:55,0
DA:56,0
DA:58,0
DA:70,1
DA:72,1
DA:73,1
DA:74,1
DA:90,1
DA:107,1
DA:110,0
DA:111,0
DA:112,0
DA:114,0
DA:115,0
DA:116,0
DA:117,0
DA:118,0
DA:120,0
DA:121,0
DA:124,0
DA:128,1
DA:129,0
DA:133,3
LF:55
LH:28
BRDA:13,0,0,0
BRDA:13,0,1,1
BRDA:13,1,0,1
BRDA:13,1,1,1
BRDA:14,2,0,0
BRDA:14,2,1,1
BRDA:14,3,0,1
BRDA:14,3,1,1
BRDA:15,4,0,1
BRDA:15,4,1,0
BRDA:15,5,0,1
BRDA:15,5,1,0
BRDA:23,6,0,1
BRDA:23,6,1,1
BRDA:23,7,0,2
BRDA:23,7,1,2
BRDA:24,8,0,1
BRDA:24,8,1,0
BRDA:30,9,0,1
BRDA:30,9,1,0
BRDA:39,10,0,0
BRDA:39,10,1,0
BRDA:43,11,0,0
BRDA:43,11,1,0
BRDA:45,12,0,0
BRDA:45,12,1,0
BRDA:52,13,0,0
BRDA:52,13,1,0
BRDA:54,14,0,0
BRDA:54,14,1,0
BRDA:70,15,0,1
BRDA:70,15,1,1
BRDA:112,16,0,0
BRDA:112,16,1,0
BRDA:116,17,0,0
BRDA:116,17,1,0
BRDA:120,18,0,0
BRDA:120,18,1,0
BRDA:128,19,0,0
BRDA:128,19,1,1
BRDA:128,20,0,1
BRDA:128,20,1,0
BRF:42
BRH:18
end_of_record
TN:
SF:components/button/index.tsx
FNF:0
FNH:0
LF:0
LH:0
BRF:0
BRH:0
end_of_record
TN:
SF:components/button/type.ts
FN:16,(anonymous_0)
FNF:1
FNH:1
FNDA:1,(anonymous_0)
DA:3,1
DA:6,1
DA:9,1
DA:12,1
DA:16,1
DA:27,1
LF:6
LH:6
BRDA:22,0,0,1
BRDA:22,0,1,0
BRF:2
BRH:1
end_of_record
TN:
SF:components/button/style/index.ts
FNF:0
FNH:0
LF:0
LH:0
BRF:0
BRH:0
end_of_record
TN:
SF:components/common/index.ts
FN:5,(anonymous_0)
FN:9,(anonymous_1)
FNF:2
FNH:0
FNDA:0,(anonymous_0)
FNDA:0,(anonymous_1)
DA:3,1
DA:5,1
DA:6,0
DA:9,1
DA:10,0
DA:11,0
LF:6
LH:3
BRDA:9,0,0,0
BRF:1
BRH:0
end_of_record
TN:
SF:components/notification/index.ts
FNF:0
FNH:0
LF:0
LH:0
BRF:0
BRH:0
end_of_record
TN:
SF:components/notification/notification.ts
FN:13,(anonymous_0)
FN:18,(anonymous_1)
FN:21,(anonymous_2)
FN:24,(anonymous_3)
FN:29,(anonymous_4)
FN:41,(anonymous_5)
FN:43,(anonymous_6)
FN:53,(anonymous_7)
FN:56,(anonymous_8)
FN:62,(anonymous_9)
FN:74,(anonymous_10)
FN:100,(anonymous_11)
FN:103,(anonymous_12)
FN:117,(anonymous_13)
FN:119,(anonymous_14)
FN:121,(anonymous_15)
FN:126,(anonymous_16)
FN:136,Notify
FN:141,(anonymous_18)
FN:145,(anonymous_19)
FN:149,(anonymous_20)
FN:161,(anonymous_21)
FN:162,(anonymous_22)
FN:167,(anonymous_23)
FN:168,(anonymous_24)
FN:176,(anonymous_25)
FN:178,(anonymous_26)
FNF:27
FNH:8
FNDA:1,(anonymous_0)
FNDA:1,(anonymous_1)
FNDA:0,(anonymous_2)
FNDA:0,(anonymous_3)
FNDA:8,(anonymous_4)
FNDA:0,(anonymous_5)
FNDA:0,(anonymous_6)
FNDA:0,(anonymous_7)
FNDA:0,(anonymous_8)
FNDA:0,(anonymous_9)
FNDA:0,(anonymous_10)
FNDA:0,(anonymous_11)
FNDA:0,(anonymous_12)
FNDA:0,(anonymous_13)
FNDA:0,(anonymous_14)
FNDA:0,(anonymous_15)
FNDA:0,(anonymous_16)
FNDA:1,Notify
FNDA:1,(anonymous_18)
FNDA:0,(anonymous_19)
FNDA:1,(anonymous_20)
FNDA:1,(anonymous_21)
FNDA:0,(anonymous_22)
FNDA:4,(anonymous_23)
FNDA:0,(anonymous_24)
FNDA:0,(anonymous_25)
FNDA:0,(anonymous_26)
DA:7,1
DA:14,1
DA:15,1
DA:19,1
DA:20,1
DA:21,1
DA:22,0
DA:24,1
DA:25,0
DA:27,1
DA:30,8
DA:31,8
DA:32,8
DA:33,0
DA:34,0
DA:35,0
DA:36,0
DA:37,0
DA:41,0
DA:42,0
DA:43,0
DA:44,0
DA:45,0
DA:46,0
DA:47,0
DA:52,0
DA:53,0
DA:55,0
DA:56,0
DA:63,0
DA:64,0
DA:71,0
DA:74,1
DA:75,0
DA:76,0
DA:77,0
DA:78,0
DA:79,0
DA:80,0
DA:81,0
DA:82,0
DA:83,0
DA:84,0
DA:85,0
DA:86,0
DA:87,0
DA:88,0
DA:89,0
DA:90,0
DA:91,0
DA:92,0
DA:93,0
DA:94,0
DA:95,0
DA:96,0
DA:97,0
DA:100,1
DA:101,0
DA:102,0
DA:103,0
DA:104,0
DA:105,0
DA:107,0
DA:109,0
DA:110,0
DA:118,0
DA:119,0
DA:120,0
DA:121,0
DA:122,0
DA:125,0
DA:126,0
DA:127,0
DA:128,0
DA:132,0
DA:137,1
DA:138,1
DA:139,1
DA:140,1
DA:142,1
DA:143,1
DA:146,0
DA:147,0
DA:150,1
DA:151,1
DA:154,1
DA:155,9
DA:156,9
DA:157,8
DA:159,1
DA:160,1
DA:161,1
DA:162,1
DA:164,1
DA:167,1
DA:168,4
DA:169,0
DA:170,0
DA:172,0
DA:176,1
DA:177,0
DA:178,0
DA:179,0
LF:103
LH:33
BRDA:32,0,0,0
BRDA:32,0,1,8
BRDA:34,1,0,0
BRDA:34,1,1,0
BRDA:35,2,0,0
BRDA:35,2,1,0
BRDA:42,3,0,0
BRDA:42,3,1,0
BRDA:44,4,0,0
BRDA:44,4,1,0
BRDA:44,5,0,0
BRDA:44,5,1,0
BRDA:45,6,0,0
BRDA:45,6,1,0
BRDA:67,7,0,0
BRDA:67,7,1,0
BRDA:68,8,0,0
BRDA:68,8,1,0
BRDA:69,9,0,0
BRDA:69,9,1,0
BRDA:86,10,0,0
BRDA:86,10,1,0
BRDA:90,11,0,0
BRDA:90,11,1,0
BRDA:94,12,0,0
BRDA:94,12,1,0
BRDA:102,13,0,0
BRDA:102,13,1,0
BRDA:104,14,0,0
BRDA:104,14,1,0
BRDA:105,15,0,0
BRDA:105,15,1,0
BRDA:111,16,0,0
BRDA:111,16,1,0
BRDA:120,17,0,0
BRDA:120,17,1,0
BRDA:125,18,0,0
BRDA:125,18,1,0
BRDA:127,19,0,0
BRDA:127,19,1,0
BRDA:156,20,0,1
BRDA:156,20,1,8
BRDA:169,21,0,0
BRDA:169,21,1,0
BRF:44
BRH:3
end_of_record
TN:
SF:components/notification/type.ts
FN:22,(anonymous_0)
FNF:1
FNH:0
FNDA:0,(anonymous_0)
DA:15,1
LF:1
LH:1
BRF:0
BRH:0
end_of_record
TN:
SF:components/notification/style/index.ts
FNF:0
FNH:0
LF:0
LH:0
BRF:0
BRH:0
end_of_record
TN:
SF:components/switch/index.ts
FNF:0
FNH:0
LF:0
LH:0
BRF:0
BRH:0
end_of_record
TN:
SF:components/switch/switch.ts
FN:11,(anonymous_0)
FN:17,(anonymous_1)
FN:22,(anonymous_2)
FN:30,(anonymous_3)
FN:43,(anonymous_4)
FN:49,(anonymous_5)
FN:56,(anonymous_6)
FN:64,(anonymous_7)
FN:69,(anonymous_8)
FN:81,(anonymous_9)
FN:88,(anonymous_10)
FN:91,(anonymous_11)
FN:93,(anonymous_12)
FN:104,(anonymous_13)
FN:112,(anonymous_14)
FN:117,(anonymous_15)
FN:122,(anonymous_16)
FN:125,(anonymous_17)
FN:128,(anonymous_18)
FN:131,(anonymous_19)
FN:134,(anonymous_20)
FN:137,(anonymous_21)
FN:142,(anonymous_22)
FN:148,(anonymous_23)
FNF:24
FNH:10
FNDA:1,(anonymous_0)
FNDA:1,(anonymous_1)
FNDA:0,(anonymous_2)
FNDA:0,(anonymous_3)
FNDA:1,(anonymous_4)
FNDA:2,(anonymous_5)
FNDA:1,(anonymous_6)
FNDA:0,(anonymous_7)
FNDA:1,(anonymous_8)
FNDA:0,(anonymous_9)
FNDA:0,(anonymous_10)
FNDA:3,(anonymous_11)
FNDA:0,(anonymous_12)
FNDA:1,(anonymous_13)
FNDA:0,(anonymous_14)
FNDA:0,(anonymous_15)
FNDA:0,(anonymous_16)
FNDA:0,(anonymous_17)
FNDA:0,(anonymous_18)
FNDA:0,(anonymous_19)
FNDA:0,(anonymous_20)
FNDA:2,(anonymous_21)
FNDA:1,(anonymous_22)
FNDA:0,(anonymous_23)
DA:7,1
DA:9,1
DA:12,1
DA:13,1
DA:14,1
DA:18,1
DA:19,1
DA:20,1
DA:22,1
DA:23,0
DA:24,0
DA:25,0
DA:26,0
DA:28,1
DA:31,0
DA:35,0
DA:37,0
DA:38,0
DA:40,0
DA:41,0
DA:44,1
DA:47,1
DA:50,2
DA:51,2
DA:52,2
DA:57,1
DA:58,1
DA:59,1
DA:60,1
DA:61,1
DA:65,0
DA:66,0
DA:70,1
DA:71,1
DA:73,1
DA:74,1
DA:75,1
DA:76,1
DA:77,0
DA:79,1
DA:80,1
DA:81,1
DA:82,0
DA:84,1
DA:85,1
DA:86,1
DA:87,1
DA:88,1
DA:92,3
DA:99,0
DA:105,1
DA:106,1
DA:107,1
DA:108,0
DA:109,0
DA:113,0
DA:114,0
DA:118,0
DA:119,0
DA:123,0
DA:126,0
DA:129,0
DA:132,0
DA:135,0
DA:138,2
DA:139,2
DA:140,2
DA:143,1
DA:144,1
DA:145,1
DA:146,1
DA:149,0
DA:150,0
DA:151,0
DA:152,0
LF:75
LH:45
BRDA:24,0,0,0
BRDA:24,0,1,0
BRDA:32,1,0,0
BRDA:32,1,1,0
BRDA:32,2,0,0
BRDA:32,2,1,0
BRDA:32,3,0,0
BRDA:32,3,1,0
BRDA:35,4,0,0
BRDA:35,4,1,0
BRDA:35,5,0,0
BRDA:35,5,1,0
BRDA:35,6,0,0
BRDA:35,6,1,0
BRDA:35,7,0,0
BRDA:35,7,1,0
BRDA:37,8,0,0
BRDA:37,8,1,0
BRDA:37,9,0,0
BRDA:37,9,1,0
BRDA:38,10,0,0
BRDA:38,10,1,0
BRDA:44,11,0,1
BRDA:44,11,1,1
BRDA:51,12,0,2
BRDA:51,12,1,0
BRDA:58,13,0,1
BRDA:58,13,1,0
BRDA:58,14,0,0
BRDA:58,14,1,0
BRDA:59,15,0,1
BRDA:59,15,1,1
BRDA:60,16,0,0
BRDA:60,16,1,1
BRDA:60,17,0,0
BRDA:60,17,1,1
BRDA:61,18,0,1
BRDA:61,18,1,1
BRDA:61,18,2,1
BRDA:61,19,0,0
BRDA:61,19,1,1
BRDA:65,20,0,0
BRDA:65,20,1,0
BRDA:76,21,0,0
BRDA:76,21,1,1
BRDA:87,22,0,1
BRDA:87,22,1,1
BRDA:87,23,0,0
BRDA:87,23,1,1
BRDA:87,24,0,0
BRDA:87,24,1,1
BRDA:100,25,0,0
BRDA:100,25,1,0
BRDA:101,26,0,0
BRDA:101,26,1,0
BRDA:104,27,0,3
BRDA:104,27,1,1
BRDA:106,28,0,1
BRDA:106,28,1,0
BRDA:108,29,0,0
BRDA:108,29,1,0
BRDA:112,30,0,3
BRDA:112,30,1,0
BRDA:113,31,0,0
BRDA:113,31,1,0
BRDA:114,32,0,0
BRDA:114,32,1,0
BRDA:117,33,0,3
BRDA:117,33,1,0
BRDA:118,34,0,0
BRDA:118,34,1,0
BRDA:119,35,0,0
BRDA:119,35,1,0
BRDA:126,36,0,0
BRDA:126,36,1,0
BRDA:126,36,2,0
BRDA:129,37,0,0
BRDA:129,37,1,0
BRDA:129,37,2,0
BRDA:132,38,0,0
BRDA:132,38,1,0
BRDA:135,39,0,0
BRDA:135,39,1,0
BRDA:139,40,0,1
BRDA:139,40,1,1
BRDA:139,41,0,1
BRDA:139,41,1,0
BRDA:140,42,0,2
BRDA:140,42,1,2
BRDA:144,43,0,1
BRDA:144,43,1,0
BRDA:151,44,0,0
BRDA:151,44,1,0
BRDA:152,45,0,0
BRDA:152,45,1,0
BRF:95
BRH:28
end_of_record
TN:
SF:components/switch/type.ts
FNF:0
FNH:0
DA:17,1
LF:1
LH:1
BRF:0
BRH:0
end_of_record
TN:
SF:components/switch/style/index.ts
FNF:0
FNH:0
LF:0
LH:0
BRF:0
BRH:0
end_of_record
